============================= test session starts =============================
platform win32 -- Python 3.12.13, pytest-9.1.1, pluggy-1.6.0 -- D:\SIH 2026\SENTINEL-TRACE\backend\.venv\Scripts\python.exe
cachedir: .pytest_cache
rootdir: D:\SIH 2026\SENTINEL-TRACE\backend
plugins: anyio-4.15.1, asyncio-1.4.0
asyncio: mode=Mode.STRICT, debug=False, asyncio_default_fixture_loop_scope=None, asyncio_default_test_loop_scope=function
collecting ... collected 2 items

tests/test_sprint6d_source_profiles.py::TestSourceProfiles::test_03_test_profile_sample FAILED [ 50%]
tests/test_sprint6d_source_profiles.py::TestSourceProfiles::test_06_approve_profile_reviewer FAILED [100%]

================================== FAILURES ===================================
_______________ TestSourceProfiles.test_03_test_profile_sample ________________
tests\test_sprint6d_source_profiles.py:84: in test_03_test_profile_sample
    self.assertIn("src_ip", data["mapped_fields"])
E   AssertionError: 'src_ip' not found in {'severity': 'Critical', 'hostname': 'fw', 'action': 'ACCEPT'}
_____________ TestSourceProfiles.test_06_approve_profile_reviewer _____________
tests\test_sprint6d_source_profiles.py:111: in test_06_approve_profile_reviewer
    self.assertEqual(res.status_code, 200, res.text)
E   AssertionError: 400 != 200 : {"detail":"Approval request not found or not pending."}
============================== warnings summary ===============================
.venv\Lib\site-packages\starlette\formparsers.py:12
  D:\SIH 2026\SENTINEL-TRACE\backend\.venv\Lib\site-packages\starlette\formparsers.py:12: PendingDeprecationWarning: Please use `import python_multipart` instead.
    import multipart

.venv\Lib\site-packages\starlette\testclient.py:41
  D:\SIH 2026\SENTINEL-TRACE\backend\.venv\Lib\site-packages\starlette\testclient.py:41: DeprecationWarning: The anyio.abc.BlockingPortal alias is deprecated, use anyio.from_thread.BlockingPortal instead.
    [], typing.ContextManager[anyio.abc.BlockingPortal]

app\schemas\merkle.py:35
  D:\SIH 2026\SENTINEL-TRACE\backend\app\schemas\merkle.py:35: PydanticDeprecatedSince20: Support for class-based `config` is deprecated, use ConfigDict instead. Deprecated in Pydantic V2.0 to be removed in V3.0. See Pydantic V2 Migration Guide at https://errors.pydantic.dev/2.13/migration/
    class MerkleBatchResponse(BaseModel):

app\schemas\merkle.py:52
  D:\SIH 2026\SENTINEL-TRACE\backend\app\schemas\merkle.py:52: PydanticDeprecatedSince20: Support for class-based `config` is deprecated, use ConfigDict instead. Deprecated in Pydantic V2.0 to be removed in V3.0. See Pydantic V2 Migration Guide at https://errors.pydantic.dev/2.13/migration/
    class MerkleProofResponse(BaseModel):

app\schemas\assurance_remediation.py:52
  D:\SIH 2026\SENTINEL-TRACE\backend\app\schemas\assurance_remediation.py:52: PydanticDeprecatedSince20: Support for class-based `config` is deprecated, use ConfigDict instead. Deprecated in Pydantic V2.0 to be removed in V3.0. See Pydantic V2 Migration Guide at https://errors.pydantic.dev/2.13/migration/
    class RootCauseAnalysisResponse(BaseModel):

app\schemas\assurance_remediation.py:73
  D:\SIH 2026\SENTINEL-TRACE\backend\app\schemas\assurance_remediation.py:73: PydanticDeprecatedSince20: Support for class-based `config` is deprecated, use ConfigDict instead. Deprecated in Pydantic V2.0 to be removed in V3.0. See Pydantic V2 Migration Guide at https://errors.pydantic.dev/2.13/migration/
    class RemediationRecommendationResponse(BaseModel):

app\schemas\assurance_remediation.py:97
  D:\SIH 2026\SENTINEL-TRACE\backend\app\schemas\assurance_remediation.py:97: PydanticDeprecatedSince20: `min_items` is deprecated and will be removed, use `min_length` instead. Deprecated in Pydantic V2.0 to be removed in V3.0. See Pydantic V2 Migration Guide at https://errors.pydantic.dev/2.13/migration/
    proposed_actions: List[Dict[str, Any]] = Field(..., min_items=1)

app\schemas\assurance_remediation.py:129
  D:\SIH 2026\SENTINEL-TRACE\backend\app\schemas\assurance_remediation.py:129: PydanticDeprecatedSince20: Support for class-based `config` is deprecated, use ConfigDict instead. Deprecated in Pydantic V2.0 to be removed in V3.0. See Pydantic V2 Migration Guide at https://errors.pydantic.dev/2.13/migration/
    class RemediationPlanResponse(BaseModel):

app\schemas\assurance_remediation.py:155
  D:\SIH 2026\SENTINEL-TRACE\backend\app\schemas\assurance_remediation.py:155: PydanticDeprecatedSince20: `min_items` is deprecated and will be removed, use `min_length` instead. Deprecated in Pydantic V2.0 to be removed in V3.0. See Pydantic V2 Migration Guide at https://errors.pydantic.dev/2.13/migration/
    executed_actions: List[Dict[str, Any]] = Field(..., min_items=1)

app\schemas\assurance_remediation.py:170
  D:\SIH 2026\SENTINEL-TRACE\backend\app\schemas\assurance_remediation.py:170: PydanticDeprecatedSince20: Support for class-based `config` is deprecated, use ConfigDict instead. Deprecated in Pydantic V2.0 to be removed in V3.0. See Pydantic V2 Migration Guide at https://errors.pydantic.dev/2.13/migration/
    class ExecutionAttestationResponse(BaseModel):

app\schemas\assurance_remediation.py:192
  D:\SIH 2026\SENTINEL-TRACE\backend\app\schemas\assurance_remediation.py:192: PydanticDeprecatedSince20: Support for class-based `config` is deprecated, use ConfigDict instead. Deprecated in Pydantic V2.0 to be removed in V3.0. See Pydantic V2 Migration Guide at https://errors.pydantic.dev/2.13/migration/
    class RecoveryVerificationResponse(BaseModel):

app\schemas\assurance_remediation.py:217
  D:\SIH 2026\SENTINEL-TRACE\backend\app\schemas\assurance_remediation.py:217: PydanticDeprecatedSince20: Support for class-based `config` is deprecated, use ConfigDict instead. Deprecated in Pydantic V2.0 to be removed in V3.0. See Pydantic V2 Migration Guide at https://errors.pydantic.dev/2.13/migration/
    class AssuranceRecoveryRecordResponse(BaseModel):

app\schemas\assurance_remediation.py:258
  D:\SIH 2026\SENTINEL-TRACE\backend\app\schemas\assurance_remediation.py:258: PydanticDeprecatedSince20: Support for class-based `config` is deprecated, use ConfigDict instead. Deprecated in Pydantic V2.0 to be removed in V3.0. See Pydantic V2 Migration Guide at https://errors.pydantic.dev/2.13/migration/
    class AssuranceRemediationCaseResponse(BaseModel):

app\schemas\security_investigation.py:38
  D:\SIH 2026\SENTINEL-TRACE\backend\app\schemas\security_investigation.py:38: PydanticDeprecatedSince20: Support for class-based `config` is deprecated, use ConfigDict instead. Deprecated in Pydantic V2.0 to be removed in V3.0. See Pydantic V2 Migration Guide at https://errors.pydantic.dev/2.13/migration/
    class InvestigationCaseResponse(BaseModel):

app\schemas\security_investigation.py:75
  D:\SIH 2026\SENTINEL-TRACE\backend\app\schemas\security_investigation.py:75: PydanticDeprecatedSince20: Support for class-based `config` is deprecated, use ConfigDict instead. Deprecated in Pydantic V2.0 to be removed in V3.0. See Pydantic V2 Migration Guide at https://errors.pydantic.dev/2.13/migration/
    class ArtifactBindingResponse(BaseModel):

app\schemas\security_investigation.py:112
  D:\SIH 2026\SENTINEL-TRACE\backend\app\schemas\security_investigation.py:112: PydanticDeprecatedSince20: Support for class-based `config` is deprecated, use ConfigDict instead. Deprecated in Pydantic V2.0 to be removed in V3.0. See Pydantic V2 Migration Guide at https://errors.pydantic.dev/2.13/migration/
    class HypothesisResponse(BaseModel):

app\schemas\security_investigation.py:141
  D:\SIH 2026\SENTINEL-TRACE\backend\app\schemas\security_investigation.py:141: PydanticDeprecatedSince20: Support for class-based `config` is deprecated, use ConfigDict instead. Deprecated in Pydantic V2.0 to be removed in V3.0. See Pydantic V2 Migration Guide at https://errors.pydantic.dev/2.13/migration/
    class FindingResponse(BaseModel):

app\schemas\security_investigation.py:170
  D:\SIH 2026\SENTINEL-TRACE\backend\app\schemas\security_investigation.py:170: PydanticDeprecatedSince20: Support for class-based `config` is deprecated, use ConfigDict instead. Deprecated in Pydantic V2.0 to be removed in V3.0. See Pydantic V2 Migration Guide at https://errors.pydantic.dev/2.13/migration/
    class TimelineEventResponse(BaseModel):

app\schemas\security_investigation.py:197
  D:\SIH 2026\SENTINEL-TRACE\backend\app\schemas\security_investigation.py:197: PydanticDeprecatedSince20: Support for class-based `config` is deprecated, use ConfigDict instead. Deprecated in Pydantic V2.0 to be removed in V3.0. See Pydantic V2 Migration Guide at https://errors.pydantic.dev/2.13/migration/
    class ImpactAssessmentResponse(BaseModel):

app\schemas\security_investigation.py:229
  D:\SIH 2026\SENTINEL-TRACE\backend\app\schemas\security_investigation.py:229: PydanticDeprecatedSince20: Support for class-based `config` is deprecated, use ConfigDict instead. Deprecated in Pydantic V2.0 to be removed in V3.0. See Pydantic V2 Migration Guide at https://errors.pydantic.dev/2.13/migration/
    class InvestigationReviewResponse(BaseModel):

app\schemas\security_investigation.py:246
  D:\SIH 2026\SENTINEL-TRACE\backend\app\schemas\security_investigation.py:246: PydanticDeprecatedSince20: Support for class-based `config` is deprecated, use ConfigDict instead. Deprecated in Pydantic V2.0 to be removed in V3.0. See Pydantic V2 Migration Guide at https://errors.pydantic.dev/2.13/migration/
    class InvestigationResolutionResponse(BaseModel):

app\schemas\security_analytics.py:16
  D:\SIH 2026\SENTINEL-TRACE\backend\app\schemas\security_analytics.py:16: PydanticDeprecatedSince20: Support for class-based `config` is deprecated, use ConfigDict instead. Deprecated in Pydantic V2.0 to be removed in V3.0. See Pydantic V2 Migration Guide at https://errors.pydantic.dev/2.13/migration/
    class SecurityMetricDefinitionResponse(BaseModel):

app\schemas\security_analytics.py:34
  D:\SIH 2026\SENTINEL-TRACE\backend\app\schemas\security_analytics.py:34: PydanticDeprecatedSince20: Support for class-based `config` is deprecated, use ConfigDict instead. Deprecated in Pydantic V2.0 to be removed in V3.0. See Pydantic V2 Migration Guide at https://errors.pydantic.dev/2.13/migration/
    class SecurityMetricEvaluationResponse(BaseModel):

app\schemas\security_analytics.py:61
  D:\SIH 2026\SENTINEL-TRACE\backend\app\schemas\security_analytics.py:61: PydanticDeprecatedSince20: Support for class-based `config` is deprecated, use ConfigDict instead. Deprecated in Pydantic V2.0 to be removed in V3.0. See Pydantic V2 Migration Guide at https://errors.pydantic.dev/2.13/migration/
    class SecurityAnalyticsSnapshotResponse(BaseModel):

app\schemas\security_analytics.py:84
  D:\SIH 2026\SENTINEL-TRACE\backend\app\schemas\security_analytics.py:84: PydanticDeprecatedSince20: Support for class-based `config` is deprecated, use ConfigDict instead. Deprecated in Pydantic V2.0 to be removed in V3.0. See Pydantic V2 Migration Guide at https://errors.pydantic.dev/2.13/migration/
    class SecurityTrendResponse(BaseModel):

app\schemas\security_analytics.py:104
  D:\SIH 2026\SENTINEL-TRACE\backend\app\schemas\security_analytics.py:104: PydanticDeprecatedSince20: Support for class-based `config` is deprecated, use ConfigDict instead. Deprecated in Pydantic V2.0 to be removed in V3.0. See Pydantic V2 Migration Guide at https://errors.pydantic.dev/2.13/migration/
    class SecurityAnalyticsInsightResponse(BaseModel):

app\schemas\security_analytics.py:138
  D:\SIH 2026\SENTINEL-TRACE\backend\app\schemas\security_analytics.py:138: PydanticDeprecatedSince20: Support for class-based `config` is deprecated, use ConfigDict instead. Deprecated in Pydantic V2.0 to be removed in V3.0. See Pydantic V2 Migration Guide at https://errors.pydantic.dev/2.13/migration/
    class SecurityReportSectionResponse(BaseModel):

app\schemas\security_analytics.py:154
  D:\SIH 2026\SENTINEL-TRACE\backend\app\schemas\security_analytics.py:154: PydanticDeprecatedSince20: Support for class-based `config` is deprecated, use ConfigDict instead. Deprecated in Pydantic V2.0 to be removed in V3.0. See Pydantic V2 Migration Guide at https://errors.pydantic.dev/2.13/migration/
    class SecurityReportResponse(BaseModel):

app\schemas\security_analytics.py:187
  D:\SIH 2026\SENTINEL-TRACE\backend\app\schemas\security_analytics.py:187: PydanticDeprecatedSince20: Support for class-based `config` is deprecated, use ConfigDict instead. Deprecated in Pydantic V2.0 to be removed in V3.0. See Pydantic V2 Migration Guide at https://errors.pydantic.dev/2.13/migration/
    class EvidencePackageArtifactResponse(BaseModel):

app\schemas\security_analytics.py:202
  D:\SIH 2026\SENTINEL-TRACE\backend\app\schemas\security_analytics.py:202: PydanticDeprecatedSince20: Support for class-based `config` is deprecated, use ConfigDict instead. Deprecated in Pydantic V2.0 to be removed in V3.0. See Pydantic V2 Migration Guide at https://errors.pydantic.dev/2.13/migration/
    class SecurityEvidencePackageResponse(BaseModel):

app\schemas\security_analytics.py:252
  D:\SIH 2026\SENTINEL-TRACE\backend\app\schemas\security_analytics.py:252: PydanticDeprecatedSince20: Support for class-based `config` is deprecated, use ConfigDict instead. Deprecated in Pydantic V2.0 to be removed in V3.0. See Pydantic V2 Migration Guide at https://errors.pydantic.dev/2.13/migration/
    class SecurityAnalyticsProvenanceRecordResponse(BaseModel):

-- Docs: https://docs.pytest.org/en/stable/how-to/capture-warnings.html
=========================== short test summary info ===========================
FAILED tests/test_sprint6d_source_profiles.py::TestSourceProfiles::test_03_test_profile_sample
FAILED tests/test_sprint6d_source_profiles.py::TestSourceProfiles::test_06_approve_profile_reviewer
======================= 2 failed, 31 warnings in 8.02s ========================
